2022-11-08 20:30:57,484 INFO client 200 : OK 
2022-11-08 20:31:53,817 INFO client 200 : OK 
2022-11-08 20:35:15,773 INFO client 200 : OK 
2022-11-08 20:35:53,255 INFO client 200 : OK 
2022-11-08 20:36:17,231 INFO client 200 : OK 
2022-11-08 20:37:03,411 INFO client 200 : OK 
2022-11-08 20:37:05,213 INFO client 200 : OK 
2022-11-08 20:38:35,568 INFO client 200 : OK 
2022-11-08 20:48:12,040 INFO client 200 : OK 
2022-11-08 20:48:14,996 ERROR client После -p укажите номер порта или удалите аргумент 
2022-11-08 20:48:43,629 ERROR client укажите IP адрес или удалите аргумент "-a" 
2022-11-08 20:58:40,119 INFO client Соединение с сервером установлено 
2022-11-08 20:58:40,119 INFO client Сообщение {'action': 'presence', 'time': 1667930320.119678, 'user': {'account_name': 'Guest'}} сформировано 
2022-11-08 20:58:40,119 INFO client Запрос отправлен 
2022-11-08 20:58:40,120 INFO client Ответ получен 
2022-11-08 20:58:40,120 INFO client Ответ 200 : OK успешно обработан 
2022-11-08 21:00:22,983 INFO client Соединение с сервером установлено 
2022-11-08 21:00:22,983 INFO client Сообщение {'action': 'presence', 'time': 1667930422.9838872, 'user': {'account_name': 'Guest'}} сформировано 
2022-11-08 21:00:22,983 INFO client Запрос отправлен 
2022-11-08 21:00:22,984 INFO client Ответ получен 
2022-11-08 21:00:22,984 INFO client Ответ 200 : OK успешно обработан 
