2022-11-08 20:38:35,568 INFO server {'action': 'presence', 'time': 1667929115.568374, 'user': {'account_name': 'Guest'}} 
2022-11-08 20:38:35,568 INFO server {'response': 200} 
2022-11-08 20:41:51,367 ERROR server укажите IP адрес или удалите аргумент "-a" 
2022-11-08 20:45:41,630 ERROR server укажите IP адрес или удалите аргумент "-a" 
2022-11-08 20:46:40,604 ERROR server укажите IP адрес или удалите аргумент "-a" 
2022-11-08 20:46:54,438 ERROR server Порт 100000 указан некорректно 
2022-11-08 20:47:20,294 ERROR server После -p укажите номер порта или удалите аргумент 
2022-11-08 20:48:12,039 INFO server {'action': 'presence', 'time': 1667929692.039379, 'user': {'account_name': 'Guest'}} 
2022-11-08 20:48:12,039 INFO server {'response': 200} 
2022-11-08 20:58:40,119 INFO server {'action': 'presence', 'time': 1667930320.119678, 'user': {'account_name': 'Guest'}} 
2022-11-08 20:58:40,120 INFO server {'response': 200} 
2022-11-08 20:59:51,695 INFO server Адрес 127.0.0.1 присвоен успешно 
2022-11-08 20:59:51,695 INFO server Порт 8000 присвоен успешно 
2022-11-08 20:59:51,695 INFO server Сервер готов к работе 
2022-11-08 21:00:22,984 INFO server Сообщение получено 
2022-11-08 21:00:22,984 INFO server {'action': 'presence', 'time': 1667930422.9838872, 'user': {'account_name': 'Guest'}} 
2022-11-08 21:00:22,984 INFO server Ответ успешно сформирован 
2022-11-08 21:00:22,984 INFO server {'response': 200} 
2022-11-08 21:00:22,984 INFO server Ответ отправлен 
2022-11-08 21:00:22,984 INFO server Соединение с клиентом закрыто 
